<?xml version="1.0" encoding="UTF-8"?>
<!-- Generated by org.testng.reporters.JUnitReportReporter -->
<testsuite skipped="0" hostname="DESKTOP-2CDHK3O" name="com.inetbanking.testcases.TC_AddCustomerTest_003" tests="1" failures="0" timestamp="2020-02-16T15:15:38 IST" time="37.722" errors="0">
  <testcase name="addnewCustomer" time="37.722" classname="com.inetbanking.testcases.TC_AddCustomerTest_003"/>
</testsuite> <!-- com.inetbanking.testcases.TC_AddCustomerTest_003 -->
