<?xml version="1.0" encoding="UTF-8"?>
<!-- Generated by org.testng.reporters.JUnitReportReporter -->
<testsuite skipped="0" hostname="DESKTOP-2CDHK3O" name="com.inetbanking.testcases.TC_LoginTest_001" tests="1" failures="0" timestamp="2020-02-14T16:41:29 IST" time="12.031" errors="0">
  <testcase name="loginTest" time="12.031" classname="com.inetbanking.testcases.TC_LoginTest_001"/>
</testsuite> <!-- com.inetbanking.testcases.TC_LoginTest_001 -->
