<?xml version="1.0" encoding="UTF-8"?>
<!-- Generated by org.testng.reporters.JUnitReportReporter -->
<testsuite skipped="0" hostname="DESKTOP-2CDHK3O" name="com.inetbanking.testcases.TC_LoginTest_001c2" tests="1" failures="0" timestamp="2020-02-14T18:10:07 IST" time="15.038" errors="0">
  <testcase name="loginTest" time="15.038" classname="com.inetbanking.testcases.TC_LoginTest_001c2"/>
</testsuite> <!-- com.inetbanking.testcases.TC_LoginTest_001c2 -->
