<?xml version="1.0" encoding="UTF-8"?>
<!-- Generated by org.testng.reporters.JUnitReportReporter -->
<testsuite skipped="0" hostname="DESKTOP-2CDHK3O" name="com.inetbanking.testcases.TC_LoginTest_001c3" tests="1" failures="0" timestamp="2020-02-15T10:27:43 IST" time="13.355" errors="0">
  <testcase name="loginTest" time="13.355" classname="com.inetbanking.testcases.TC_LoginTest_001c3"/>
</testsuite> <!-- com.inetbanking.testcases.TC_LoginTest_001c3 -->
