<?xml version="1.0" encoding="UTF-8"?>
<!-- Generated by org.testng.reporters.JUnitReportReporter -->
<testsuite skipped="0" hostname="DESKTOP-2CDHK3O" name="com.inetbanking.testcases.TC_LoginTest_001c" tests="1" failures="0" timestamp="2020-02-14T17:20:56 IST" time="27.600" errors="0">
  <testcase name="loginTest" time="27.600" classname="com.inetbanking.testcases.TC_LoginTest_001c"/>
</testsuite> <!-- com.inetbanking.testcases.TC_LoginTest_001c -->
